[INFO  - 2018-06-20T14:13:14.098Z] GhostDriver - Main - running on port 3835
[INFO  - 2018-06-20T14:13:16.284Z] Session [13501f80-7494-11e8-8151-719d9dbade71] - page.settings - {"XSSAuditingEnabled":false,"javascriptCanCloseWindows":true,"javascriptCanOpenWindows":true,"javascriptEnabled":true,"loadImages":true,"localToRemoteUrlAccessEnabled":false,"userAgent":"Mozilla/5.0 (Windows NT 6.2; WOW64) AppleWebKit/538.1 (KHTML, like Gecko) PhantomJS/2.1.1 Safari/538.1","webSecurityEnabled":true}
[INFO  - 2018-06-20T14:13:16.284Z] Session [13501f80-7494-11e8-8151-719d9dbade71] - page.customHeaders:  - {}
[INFO  - 2018-06-20T14:13:16.284Z] Session [13501f80-7494-11e8-8151-719d9dbade71] - Session.negotiatedCapabilities - {"browserName":"phantomjs","version":"2.1.1","driverName":"ghostdriver","driverVersion":"1.2.0","platform":"windows-10-32bit","javascriptEnabled":true,"takesScreenshot":true,"handlesAlerts":false,"databaseEnabled":false,"locationContextEnabled":false,"applicationCacheEnabled":false,"browserConnectionEnabled":false,"cssSelectorsEnabled":true,"webStorageEnabled":false,"rotatable":false,"acceptSslCerts":false,"nativeEvents":true,"proxy":{"proxyType":"direct"}}
[INFO  - 2018-06-20T14:13:16.284Z] SessionManagerReqHand - _postNewSessionCommand - New Session Created: 13501f80-7494-11e8-8151-719d9dbade71
[ERROR - 2018-06-20T14:13:17.795Z] WebElementLocator - _handleLocateCommand - Element(s) NOT Found: GAVE UP. Search Stop Time: 1529503997734

  phantomjs://platform/console++.js:263 in error
[ERROR - 2018-06-20T14:13:18.747Z] WebElementLocator - _handleLocateCommand - Element(s) NOT Found: GAVE UP. Search Stop Time: 1529503998695

  phantomjs://platform/console++.js:263 in error
[ERROR - 2018-06-20T14:13:19.622Z] WebElementLocator - _handleLocateCommand - Element(s) NOT Found: GAVE UP. Search Stop Time: 1529503999581

  phantomjs://platform/console++.js:263 in error
[ERROR - 2018-06-20T14:13:20.496Z] WebElementLocator - _handleLocateCommand - Element(s) NOT Found: GAVE UP. Search Stop Time: 1529504000455

  phantomjs://platform/console++.js:263 in error
[ERROR - 2018-06-20T14:13:21.373Z] WebElementLocator - _handleLocateCommand - Element(s) NOT Found: GAVE UP. Search Stop Time: 1529504001328

  phantomjs://platform/console++.js:263 in error
[ERROR - 2018-06-20T14:13:22.246Z] WebElementLocator - _handleLocateCommand - Element(s) NOT Found: GAVE UP. Search Stop Time: 1529504002206

  phantomjs://platform/console++.js:263 in error
[ERROR - 2018-06-20T14:13:23.106Z] WebElementLocator - _handleLocateCommand - Element(s) NOT Found: GAVE UP. Search Stop Time: 1529504003077

  phantomjs://platform/console++.js:263 in error
[ERROR - 2018-06-20T14:13:23.981Z] WebElementLocator - _handleLocateCommand - Element(s) NOT Found: GAVE UP. Search Stop Time: 1529504003936

  phantomjs://platform/console++.js:263 in error
[ERROR - 2018-06-20T14:13:24.855Z] WebElementLocator - _handleLocateCommand - Element(s) NOT Found: GAVE UP. Search Stop Time: 1529504004814

  phantomjs://platform/console++.js:263 in error
[ERROR - 2018-06-20T14:13:25.732Z] WebElementLocator - _handleLocateCommand - Element(s) NOT Found: GAVE UP. Search Stop Time: 1529504005687

  phantomjs://platform/console++.js:263 in error
[ERROR - 2018-06-20T14:13:26.606Z] WebElementLocator - _handleLocateCommand - Element(s) NOT Found: GAVE UP. Search Stop Time: 1529504006561

  phantomjs://platform/console++.js:263 in error
[ERROR - 2018-06-20T14:13:27.482Z] WebElementLocator - _handleLocateCommand - Element(s) NOT Found: GAVE UP. Search Stop Time: 1529504007437

  phantomjs://platform/console++.js:263 in error
[ERROR - 2018-06-20T14:13:30.684Z] WebElementLocator - _handleLocateCommand - Element(s) NOT Found: GAVE UP. Search Stop Time: 1529504010643

  phantomjs://platform/console++.js:263 in error
[ERROR - 2018-06-20T14:13:31.591Z] WebElementLocator - _handleLocateCommand - Element(s) NOT Found: GAVE UP. Search Stop Time: 1529504011536

  phantomjs://platform/console++.js:263 in error
[ERROR - 2018-06-20T14:13:32.465Z] WebElementLocator - _handleLocateCommand - Element(s) NOT Found: GAVE UP. Search Stop Time: 1529504012425

  phantomjs://platform/console++.js:263 in error
[ERROR - 2018-06-20T14:13:33.340Z] WebElementLocator - _handleLocateCommand - Element(s) NOT Found: GAVE UP. Search Stop Time: 1529504013296

  phantomjs://platform/console++.js:263 in error
[ERROR - 2018-06-20T14:13:34.216Z] WebElementLocator - _handleLocateCommand - Element(s) NOT Found: GAVE UP. Search Stop Time: 1529504014172

  phantomjs://platform/console++.js:263 in error
[ERROR - 2018-06-20T14:13:35.090Z] WebElementLocator - _handleLocateCommand - Element(s) NOT Found: GAVE UP. Search Stop Time: 1529504015048

  phantomjs://platform/console++.js:263 in error
[ERROR - 2018-06-20T14:13:35.982Z] WebElementLocator - _handleLocateCommand - Element(s) NOT Found: GAVE UP. Search Stop Time: 1529504015926

  phantomjs://platform/console++.js:263 in error
[ERROR - 2018-06-20T14:13:36.856Z] WebElementLocator - _handleLocateCommand - Element(s) NOT Found: GAVE UP. Search Stop Time: 1529504016812

  phantomjs://platform/console++.js:263 in error
[ERROR - 2018-06-20T14:13:37.730Z] WebElementLocator - _handleLocateCommand - Element(s) NOT Found: GAVE UP. Search Stop Time: 1529504017688

  phantomjs://platform/console++.js:263 in error
[ERROR - 2018-06-20T14:13:38.606Z] WebElementLocator - _handleLocateCommand - Element(s) NOT Found: GAVE UP. Search Stop Time: 1529504018563

  phantomjs://platform/console++.js:263 in error
[ERROR - 2018-06-20T14:13:39.481Z] WebElementLocator - _handleLocateCommand - Element(s) NOT Found: GAVE UP. Search Stop Time: 1529504019438

  phantomjs://platform/console++.js:263 in error
[ERROR - 2018-06-20T14:13:40.361Z] WebElementLocator - _handleLocateCommand - Element(s) NOT Found: GAVE UP. Search Stop Time: 1529504020320

  phantomjs://platform/console++.js:263 in error
[ERROR - 2018-06-20T14:13:42.325Z] WebElementLocator - _handleLocateCommand - Element(s) NOT Found: GAVE UP. Search Stop Time: 1529504022271

  phantomjs://platform/console++.js:263 in error
[ERROR - 2018-06-20T14:13:43.201Z] WebElementLocator - _handleLocateCommand - Element(s) NOT Found: GAVE UP. Search Stop Time: 1529504023175

  phantomjs://platform/console++.js:263 in error
[ERROR - 2018-06-20T14:13:44.090Z] WebElementLocator - _handleLocateCommand - Element(s) NOT Found: GAVE UP. Search Stop Time: 1529504024042

  phantomjs://platform/console++.js:263 in error
[ERROR - 2018-06-20T14:13:44.965Z] WebElementLocator - _handleLocateCommand - Element(s) NOT Found: GAVE UP. Search Stop Time: 1529504024925

  phantomjs://platform/console++.js:263 in error
[ERROR - 2018-06-20T14:13:45.841Z] WebElementLocator - _handleLocateCommand - Element(s) NOT Found: GAVE UP. Search Stop Time: 1529504025800

  phantomjs://platform/console++.js:263 in error
[ERROR - 2018-06-20T14:13:46.716Z] WebElementLocator - _handleLocateCommand - Element(s) NOT Found: GAVE UP. Search Stop Time: 1529504026672

  phantomjs://platform/console++.js:263 in error
[ERROR - 2018-06-20T14:13:47.591Z] WebElementLocator - _handleLocateCommand - Element(s) NOT Found: GAVE UP. Search Stop Time: 1529504027547

  phantomjs://platform/console++.js:263 in error
[ERROR - 2018-06-20T14:13:48.481Z] WebElementLocator - _handleLocateCommand - Element(s) NOT Found: GAVE UP. Search Stop Time: 1529504028430

  phantomjs://platform/console++.js:263 in error
[ERROR - 2018-06-20T14:13:49.371Z] WebElementLocator - _handleLocateCommand - Element(s) NOT Found: GAVE UP. Search Stop Time: 1529504029322

  phantomjs://platform/console++.js:263 in error
[ERROR - 2018-06-20T14:13:50.261Z] WebElementLocator - _handleLocateCommand - Element(s) NOT Found: GAVE UP. Search Stop Time: 1529504030209

  phantomjs://platform/console++.js:263 in error
[ERROR - 2018-06-20T14:13:51.138Z] WebElementLocator - _handleLocateCommand - Element(s) NOT Found: GAVE UP. Search Stop Time: 1529504031094

  phantomjs://platform/console++.js:263 in error
[ERROR - 2018-06-20T14:13:52.027Z] WebElementLocator - _handleLocateCommand - Element(s) NOT Found: GAVE UP. Search Stop Time: 1529504031974

  phantomjs://platform/console++.js:263 in error
